[debug] [2021-04-14T07:38:36.261Z] ----------------------------------------------------------------------
[debug] [2021-04-14T07:38:36.264Z] Command:       C:\Program Files\nodejs\node.exe C:\Users\RAJKUMAR SHAW\AppData\Roaming\npm\node_modules\firebase-tools\lib\bin\firebase.js init
[debug] [2021-04-14T07:38:36.265Z] CLI Version:   9.10.0
[debug] [2021-04-14T07:38:36.265Z] Platform:      win32
[debug] [2021-04-14T07:38:36.265Z] Node Version:  v14.16.0
[debug] [2021-04-14T07:38:36.267Z] Time:          Wed Apr 14 2021 13:08:36 GMT+0530 (India Standard Time)
[debug] [2021-04-14T07:38:36.268Z] ----------------------------------------------------------------------
[debug] 
[debug] [2021-04-14T07:38:36.287Z] > command requires scopes: ["email","openid","https://www.googleapis.com/auth/cloudplatformprojects.readonly","https://www.googleapis.com/auth/firebase","https://www.googleapis.com/auth/cloud-platform"]
[debug] [2021-04-14T07:38:36.287Z] > authorizing via signed-in user (businesskab1990@gmail.com)
[info] 
     ######## #### ########  ######## ########     ###     ######  ########
     ##        ##  ##     ## ##       ##     ##  ##   ##  ##       ##
     ######    ##  ########  ######   ########  #########  ######  ######
     ##        ##  ##    ##  ##       ##     ## ##     ##       ## ##
     ##       #### ##     ## ######## ########  ##     ##  ######  ########

You're about to initialize a Firebase project in this directory:

  C:\Users\RAJKUMAR SHAW\Desktop\Business ka B

Before we get started, keep in mind:

  * You are initializing in an existing Firebase project directory

[info] 
=== Project Setup
[info] 
[info] First, let's associate this project directory with a Firebase project.
[info] You can create multiple project aliases by running firebase use --add, 
[info] but for now we'll just set up a default project.
[info] 
[info] i  .firebaserc already has a default project, using business-ka-b. 
[debug] [2021-04-14T07:38:43.635Z] > refreshing access token with scopes: []
[debug] [2021-04-14T07:38:43.637Z] >>> HTTP REQUEST POST https://www.googleapis.com/oauth2/v3/token  
 <request body omitted>
[debug] [2021-04-14T07:38:44.126Z] <<< HTTP RESPONSE 200 {"pragma":"no-cache","expires":"Mon, 01 Jan 1990 00:00:00 GMT","cache-control":"no-cache, no-store, max-age=0, must-revalidate","date":"Wed, 14 Apr 2021 07:38:50 GMT","content-type":"application/json; charset=utf-8","vary":"X-Origin, Referer, Origin,Accept-Encoding","server":"scaffolding on HTTPServer2","x-xss-protection":"0","x-frame-options":"SAMEORIGIN","x-content-type-options":"nosniff","alt-svc":"h3-29=\":443\"; ma=2592000,h3-T051=\":443\"; ma=2592000,h3-Q050=\":443\"; ma=2592000,h3-Q046=\":443\"; ma=2592000,h3-Q043=\":443\"; ma=2592000,quic=\":443\"; ma=2592000; v=\"46,43\"","accept-ranges":"none","transfer-encoding":"chunked"}
[debug] [2021-04-14T07:38:44.230Z] >>> [apiv2][query] GET https://firebase.googleapis.com/v1beta1/projects/business-ka-b [none]
[debug] [2021-04-14T07:38:44.982Z] <<< [apiv2][status] GET https://firebase.googleapis.com/v1beta1/projects/business-ka-b 403
[debug] [2021-04-14T07:38:44.983Z] <<< [apiv2][body] GET https://firebase.googleapis.com/v1beta1/projects/business-ka-b {"error":{"code":403,"message":"The caller does not have permission","status":"PERMISSION_DENIED"}}
[debug] [2021-04-14T07:38:44.983Z] HTTP Error: 403, The caller does not have permission
[debug] [2021-04-14T07:38:45.409Z] FirebaseError: HTTP Error: 403, The caller does not have permission
    at module.exports (C:\Users\RAJKUMAR SHAW\AppData\Roaming\npm\node_modules\firebase-tools\lib\responseToError.js:38:12)
    at Client.doRequest (C:\Users\RAJKUMAR SHAW\AppData\Roaming\npm\node_modules\firebase-tools\lib\apiv2.js:238:23)
    at processTicksAndRejections (internal/process/task_queues.js:93:5)
    at async Client.request (C:\Users\RAJKUMAR SHAW\AppData\Roaming\npm\node_modules\firebase-tools\lib\apiv2.js:96:20)
    at async Object.getFirebaseProject (C:\Users\RAJKUMAR SHAW\AppData\Roaming\npm\node_modules\firebase-tools\lib\management\projects.js:290:21)
    at async Object.doSetup [as project] (C:\Users\RAJKUMAR SHAW\AppData\Roaming\npm\node_modules\firebase-tools\lib\init\features\project.js:77:27)
    at async init (C:\Users\RAJKUMAR SHAW\AppData\Roaming\npm\node_modules\firebase-tools\lib\init\index.js:19:9)
[error] 
[error] Error: Failed to get Firebase project business-ka-b. Please make sure the project exists and your account has permission to access it.
